<?xml version="1.0" encoding="UTF-8"?>
<!-- Generated by org.testng.reporters.JUnitXMLReporter -->
<testsuite ignored="0" hostname="LAPTOP-DLCP2JCN" failures="9" tests="11" name="Default test" time="179.662" errors="0" timestamp="2024-10-10T12:39:24 IST">
  <testcase classname="tests.ConversationsTest" name="testCNavigation" time="27.277"/>
  <testcase classname="tests.ConversationsTest" name="testConversationsScreenDisplayed" time="1.885">
    <failure type="java.lang.AssertionError" message="Test failed due to exception: An element could not be located on the page using the given search parameters.
For documentation on this error, please visit: https://www.selenium.dev/documentation/webdriver/troubleshooting/errors#no-such-element-exception
Build info: version: &amp;apos;4.13.0&amp;apos;, revision: &amp;apos;ba948ece5b*&amp;apos;
System info: os.name: &amp;apos;Windows 11&amp;apos;, os.arch: &amp;apos;amd64&amp;apos;, os.version: &amp;apos;10.0&amp;apos;, java.version: &amp;apos;17.0.8&amp;apos;
Driver info: io.appium.java_client.android.AndroidDriver
Command: [eb69cdec-b224-4aa7-80a5-761beb840b8c, findElement {using=accessibility id, value=Conversations}]
Capabilities {appium:appActivity: com.bitnudge.ime.parent.vie..., appium:appPackage: com.gamechange.wasp, appium:automationName: UiAutomator2, appium:databaseEnabled: false, appium:desired: {appActivity: com.bitnudge.ime.parent.vie..., appPackage: com.gamechange.wasp, automationName: UiAutomator2, platformName: ANDROID, udid: 084113125P054404}, appium:deviceApiLevel: 30, appium:deviceManufacturer: INFINIX MOBILITY LIMITED, appium:deviceModel: Infinix X6816C, appium:deviceName: 084113125P054404, appium:deviceScreenDensity: 320, appium:deviceScreenSize: 720x1640, appium:deviceUDID: 084113125P054404, appium:javascriptEnabled: true, appium:locationContextEnabled: false, appium:networkConnectionEnabled: true, appium:pixelRatio: 2, appium:platformVersion: 11, appium:statBarHeight: 72, appium:takesScreenshot: true, appium:udid: 084113125P054404, appium:viewportRect: {height: 1400, left: 0, top: 72, width: 720}, appium:warnings: {}, appium:webStorageEnabled: false, platformName: ANDROID}
Session ID: eb69cdec-b224-4aa7-80a5-761beb840b8c">
      <![CDATA[java.lang.AssertionError: Test failed due to exception: An element could not be located on the page using the given search parameters.
For documentation on this error, please visit: https://www.selenium.dev/documentation/webdriver/troubleshooting/errors#no-such-element-exception
Build info: version: '4.13.0', revision: 'ba948ece5b*'
System info: os.name: 'Windows 11', os.arch: 'amd64', os.version: '10.0', java.version: '17.0.8'
Driver info: io.appium.java_client.android.AndroidDriver
Command: [eb69cdec-b224-4aa7-80a5-761beb840b8c, findElement {using=accessibility id, value=Conversations}]
Capabilities {appium:appActivity: com.bitnudge.ime.parent.vie..., appium:appPackage: com.gamechange.wasp, appium:automationName: UiAutomator2, appium:databaseEnabled: false, appium:desired: {appActivity: com.bitnudge.ime.parent.vie..., appPackage: com.gamechange.wasp, automationName: UiAutomator2, platformName: ANDROID, udid: 084113125P054404}, appium:deviceApiLevel: 30, appium:deviceManufacturer: INFINIX MOBILITY LIMITED, appium:deviceModel: Infinix X6816C, appium:deviceName: 084113125P054404, appium:deviceScreenDensity: 320, appium:deviceScreenSize: 720x1640, appium:deviceUDID: 084113125P054404, appium:javascriptEnabled: true, appium:locationContextEnabled: false, appium:networkConnectionEnabled: true, appium:pixelRatio: 2, appium:platformVersion: 11, appium:statBarHeight: 72, appium:takesScreenshot: true, appium:udid: 084113125P054404, appium:viewportRect: {height: 1400, left: 0, top: 72, width: 720}, appium:warnings: {}, appium:webStorageEnabled: false, platformName: ANDROID}
Session ID: eb69cdec-b224-4aa7-80a5-761beb840b8c
at org.testng.Assert.fail(Assert.java:110)
at tests.ConversationsTest.testConversationsScreenDisplayed(ConversationsTest.java:95)
at java.base/jdk.internal.reflect.NativeMethodAccessorImpl.invoke0(Native Method)
at java.base/jdk.internal.reflect.NativeMethodAccessorImpl.invoke(NativeMethodAccessorImpl.java:77)
at java.base/jdk.internal.reflect.DelegatingMethodAccessorImpl.invoke(DelegatingMethodAccessorImpl.java:43)
at java.base/java.lang.reflect.Method.invoke(Method.java:568)
at org.testng.internal.invokers.MethodInvocationHelper.invokeMethod(MethodInvocationHelper.java:139)
at org.testng.internal.invokers.TestInvoker.invokeMethod(TestInvoker.java:677)
at org.testng.internal.invokers.TestInvoker.invokeTestMethod(TestInvoker.java:221)
at org.testng.internal.invokers.MethodRunner.runInSequence(MethodRunner.java:50)
at org.testng.internal.invokers.TestInvoker$MethodInvocationAgent.invoke(TestInvoker.java:969)
at org.testng.internal.invokers.TestInvoker.invokeTestMethods(TestInvoker.java:194)
at org.testng.internal.invokers.TestMethodWorker.invokeTestMethods(TestMethodWorker.java:148)
at org.testng.internal.invokers.TestMethodWorker.run(TestMethodWorker.java:128)
at java.base/java.util.ArrayList.forEach(ArrayList.java:1511)
at org.testng.TestRunner.privateRun(TestRunner.java:829)
at org.testng.TestRunner.run(TestRunner.java:602)
at org.testng.SuiteRunner.runTest(SuiteRunner.java:437)
at org.testng.SuiteRunner.runSequentially(SuiteRunner.java:431)
at org.testng.SuiteRunner.privateRun(SuiteRunner.java:391)
at org.testng.SuiteRunner.run(SuiteRunner.java:330)
at org.testng.SuiteRunnerWorker.runSuite(SuiteRunnerWorker.java:52)
at org.testng.SuiteRunnerWorker.run(SuiteRunnerWorker.java:95)
at org.testng.TestNG.runSuitesSequentially(TestNG.java:1256)
at org.testng.TestNG.runSuitesLocally(TestNG.java:1176)
at org.testng.TestNG.runSuites(TestNG.java:1099)
at org.testng.TestNG.run(TestNG.java:1067)
at org.testng.remote.AbstractRemoteTestNG.run(AbstractRemoteTestNG.java:115)
at org.testng.remote.RemoteTestNG.initAndRun(RemoteTestNG.java:251)
at org.testng.remote.RemoteTestNG.main(RemoteTestNG.java:77)
]]>
    </failure>
  </testcase> <!-- testConversationsScreenDisplayed -->
  <testcase classname="tests.ConversationsTest" name="testFilterTypeFunctionality" time="30.537">
    <failure type="java.lang.AssertionError" message="Test failed due to exception: Expected condition failed: waiting for visibility of element located by AppiumBy.id: com.gamechange.wasp:id/type_filter (tried for 30 second(s) with 500 milliseconds interval)
Build info: version: &amp;apos;4.13.0&amp;apos;, revision: &amp;apos;ba948ece5b*&amp;apos;
System info: os.name: &amp;apos;Windows 11&amp;apos;, os.arch: &amp;apos;amd64&amp;apos;, os.version: &amp;apos;10.0&amp;apos;, java.version: &amp;apos;17.0.8&amp;apos;
Driver info: io.appium.java_client.android.AndroidDriver
Capabilities {appium:appActivity: com.bitnudge.ime.parent.vie..., appium:appPackage: com.gamechange.wasp, appium:automationName: UiAutomator2, appium:databaseEnabled: false, appium:desired: {appActivity: com.bitnudge.ime.parent.vie..., appPackage: com.gamechange.wasp, automationName: UiAutomator2, platformName: ANDROID, udid: 084113125P054404}, appium:deviceApiLevel: 30, appium:deviceManufacturer: INFINIX MOBILITY LIMITED, appium:deviceModel: Infinix X6816C, appium:deviceName: 084113125P054404, appium:deviceScreenDensity: 320, appium:deviceScreenSize: 720x1640, appium:deviceUDID: 084113125P054404, appium:javascriptEnabled: true, appium:locationContextEnabled: false, appium:networkConnectionEnabled: true, appium:pixelRatio: 2, appium:platformVersion: 11, appium:statBarHeight: 72, appium:takesScreenshot: true, appium:udid: 084113125P054404, appium:viewportRect: {height: 1400, left: 0, top: 72, width: 720}, appium:warnings: {}, appium:webStorageEnabled: false, platformName: ANDROID}
Session ID: e0b88efa-9e73-4021-a5b0-3c0c47643e5a">
      <![CDATA[java.lang.AssertionError: Test failed due to exception: Expected condition failed: waiting for visibility of element located by AppiumBy.id: com.gamechange.wasp:id/type_filter (tried for 30 second(s) with 500 milliseconds interval)
Build info: version: '4.13.0', revision: 'ba948ece5b*'
System info: os.name: 'Windows 11', os.arch: 'amd64', os.version: '10.0', java.version: '17.0.8'
Driver info: io.appium.java_client.android.AndroidDriver
Capabilities {appium:appActivity: com.bitnudge.ime.parent.vie..., appium:appPackage: com.gamechange.wasp, appium:automationName: UiAutomator2, appium:databaseEnabled: false, appium:desired: {appActivity: com.bitnudge.ime.parent.vie..., appPackage: com.gamechange.wasp, automationName: UiAutomator2, platformName: ANDROID, udid: 084113125P054404}, appium:deviceApiLevel: 30, appium:deviceManufacturer: INFINIX MOBILITY LIMITED, appium:deviceModel: Infinix X6816C, appium:deviceName: 084113125P054404, appium:deviceScreenDensity: 320, appium:deviceScreenSize: 720x1640, appium:deviceUDID: 084113125P054404, appium:javascriptEnabled: true, appium:locationContextEnabled: false, appium:networkConnectionEnabled: true, appium:pixelRatio: 2, appium:platformVersion: 11, appium:statBarHeight: 72, appium:takesScreenshot: true, appium:udid: 084113125P054404, appium:viewportRect: {height: 1400, left: 0, top: 72, width: 720}, appium:warnings: {}, appium:webStorageEnabled: false, platformName: ANDROID}
Session ID: e0b88efa-9e73-4021-a5b0-3c0c47643e5a
at org.testng.Assert.fail(Assert.java:110)
at tests.ConversationsTest.testFilterTypeFunctionality(ConversationsTest.java:151)
at java.base/jdk.internal.reflect.NativeMethodAccessorImpl.invoke0(Native Method)
at java.base/jdk.internal.reflect.NativeMethodAccessorImpl.invoke(NativeMethodAccessorImpl.java:77)
at java.base/jdk.internal.reflect.DelegatingMethodAccessorImpl.invoke(DelegatingMethodAccessorImpl.java:43)
at java.base/java.lang.reflect.Method.invoke(Method.java:568)
at org.testng.internal.invokers.MethodInvocationHelper.invokeMethod(MethodInvocationHelper.java:139)
at org.testng.internal.invokers.TestInvoker.invokeMethod(TestInvoker.java:677)
at org.testng.internal.invokers.TestInvoker.invokeTestMethod(TestInvoker.java:221)
at org.testng.internal.invokers.MethodRunner.runInSequence(MethodRunner.java:50)
at org.testng.internal.invokers.TestInvoker$MethodInvocationAgent.invoke(TestInvoker.java:969)
at org.testng.internal.invokers.TestInvoker.invokeTestMethods(TestInvoker.java:194)
at org.testng.internal.invokers.TestMethodWorker.invokeTestMethods(TestMethodWorker.java:148)
at org.testng.internal.invokers.TestMethodWorker.run(TestMethodWorker.java:128)
at java.base/java.util.ArrayList.forEach(ArrayList.java:1511)
at org.testng.TestRunner.privateRun(TestRunner.java:829)
at org.testng.TestRunner.run(TestRunner.java:602)
at org.testng.SuiteRunner.runTest(SuiteRunner.java:437)
at org.testng.SuiteRunner.runSequentially(SuiteRunner.java:431)
at org.testng.SuiteRunner.privateRun(SuiteRunner.java:391)
at org.testng.SuiteRunner.run(SuiteRunner.java:330)
at org.testng.SuiteRunnerWorker.runSuite(SuiteRunnerWorker.java:52)
at org.testng.SuiteRunnerWorker.run(SuiteRunnerWorker.java:95)
at org.testng.TestNG.runSuitesSequentially(TestNG.java:1256)
at org.testng.TestNG.runSuitesLocally(TestNG.java:1176)
at org.testng.TestNG.runSuites(TestNG.java:1099)
at org.testng.TestNG.run(TestNG.java:1067)
at org.testng.remote.AbstractRemoteTestNG.run(AbstractRemoteTestNG.java:115)
at org.testng.remote.RemoteTestNG.initAndRun(RemoteTestNG.java:251)
at org.testng.remote.RemoteTestNG.main(RemoteTestNG.java:77)
]]>
    </failure>
  </testcase> <!-- testFilterTypeFunctionality -->
  <testcase classname="tests.ConversationsTest" name="testTabsFunctionality" time="1.459">
    <failure type="java.lang.AssertionError" message="Test failed due to exception: An element could not be located on the page using the given search parameters.
For documentation on this error, please visit: https://www.selenium.dev/documentation/webdriver/troubleshooting/errors#no-such-element-exception
Build info: version: &amp;apos;4.13.0&amp;apos;, revision: &amp;apos;ba948ece5b*&amp;apos;
System info: os.name: &amp;apos;Windows 11&amp;apos;, os.arch: &amp;apos;amd64&amp;apos;, os.version: &amp;apos;10.0&amp;apos;, java.version: &amp;apos;17.0.8&amp;apos;
Driver info: io.appium.java_client.android.AndroidDriver
Command: [ecb18c33-02e6-4c6d-b5c4-3d0397a46e64, findElement {using=xpath, value=//android.widget.TextView[@resource-id=&amp;quot;com.gamechange.wasp.shopkey:id/tTV1&amp;quot;]}]
Capabilities {appium:appActivity: com.bitnudge.ime.parent.vie..., appium:appPackage: com.gamechange.wasp, appium:automationName: UiAutomator2, appium:databaseEnabled: false, appium:desired: {appActivity: com.bitnudge.ime.parent.vie..., appPackage: com.gamechange.wasp, automationName: UiAutomator2, platformName: ANDROID, udid: 084113125P054404}, appium:deviceApiLevel: 30, appium:deviceManufacturer: INFINIX MOBILITY LIMITED, appium:deviceModel: Infinix X6816C, appium:deviceName: 084113125P054404, appium:deviceScreenDensity: 320, appium:deviceScreenSize: 720x1640, appium:deviceUDID: 084113125P054404, appium:javascriptEnabled: true, appium:locationContextEnabled: false, appium:networkConnectionEnabled: true, appium:pixelRatio: 2, appium:platformVersion: 11, appium:statBarHeight: 72, appium:takesScreenshot: true, appium:udid: 084113125P054404, appium:viewportRect: {height: 1400, left: 0, top: 72, width: 720}, appium:warnings: {}, appium:webStorageEnabled: false, platformName: ANDROID}
Session ID: ecb18c33-02e6-4c6d-b5c4-3d0397a46e64">
      <![CDATA[java.lang.AssertionError: Test failed due to exception: An element could not be located on the page using the given search parameters.
For documentation on this error, please visit: https://www.selenium.dev/documentation/webdriver/troubleshooting/errors#no-such-element-exception
Build info: version: '4.13.0', revision: 'ba948ece5b*'
System info: os.name: 'Windows 11', os.arch: 'amd64', os.version: '10.0', java.version: '17.0.8'
Driver info: io.appium.java_client.android.AndroidDriver
Command: [ecb18c33-02e6-4c6d-b5c4-3d0397a46e64, findElement {using=xpath, value=//android.widget.TextView[@resource-id="com.gamechange.wasp.shopkey:id/tTV1"]}]
Capabilities {appium:appActivity: com.bitnudge.ime.parent.vie..., appium:appPackage: com.gamechange.wasp, appium:automationName: UiAutomator2, appium:databaseEnabled: false, appium:desired: {appActivity: com.bitnudge.ime.parent.vie..., appPackage: com.gamechange.wasp, automationName: UiAutomator2, platformName: ANDROID, udid: 084113125P054404}, appium:deviceApiLevel: 30, appium:deviceManufacturer: INFINIX MOBILITY LIMITED, appium:deviceModel: Infinix X6816C, appium:deviceName: 084113125P054404, appium:deviceScreenDensity: 320, appium:deviceScreenSize: 720x1640, appium:deviceUDID: 084113125P054404, appium:javascriptEnabled: true, appium:locationContextEnabled: false, appium:networkConnectionEnabled: true, appium:pixelRatio: 2, appium:platformVersion: 11, appium:statBarHeight: 72, appium:takesScreenshot: true, appium:udid: 084113125P054404, appium:viewportRect: {height: 1400, left: 0, top: 72, width: 720}, appium:warnings: {}, appium:webStorageEnabled: false, platformName: ANDROID}
Session ID: ecb18c33-02e6-4c6d-b5c4-3d0397a46e64
at org.testng.Assert.fail(Assert.java:110)
at tests.ConversationsTest.testTabsFunctionality(ConversationsTest.java:120)
at java.base/jdk.internal.reflect.NativeMethodAccessorImpl.invoke0(Native Method)
at java.base/jdk.internal.reflect.NativeMethodAccessorImpl.invoke(NativeMethodAccessorImpl.java:77)
at java.base/jdk.internal.reflect.DelegatingMethodAccessorImpl.invoke(DelegatingMethodAccessorImpl.java:43)
at java.base/java.lang.reflect.Method.invoke(Method.java:568)
at org.testng.internal.invokers.MethodInvocationHelper.invokeMethod(MethodInvocationHelper.java:139)
at org.testng.internal.invokers.TestInvoker.invokeMethod(TestInvoker.java:677)
at org.testng.internal.invokers.TestInvoker.invokeTestMethod(TestInvoker.java:221)
at org.testng.internal.invokers.MethodRunner.runInSequence(MethodRunner.java:50)
at org.testng.internal.invokers.TestInvoker$MethodInvocationAgent.invoke(TestInvoker.java:969)
at org.testng.internal.invokers.TestInvoker.invokeTestMethods(TestInvoker.java:194)
at org.testng.internal.invokers.TestMethodWorker.invokeTestMethods(TestMethodWorker.java:148)
at org.testng.internal.invokers.TestMethodWorker.run(TestMethodWorker.java:128)
at java.base/java.util.ArrayList.forEach(ArrayList.java:1511)
at org.testng.TestRunner.privateRun(TestRunner.java:829)
at org.testng.TestRunner.run(TestRunner.java:602)
at org.testng.SuiteRunner.runTest(SuiteRunner.java:437)
at org.testng.SuiteRunner.runSequentially(SuiteRunner.java:431)
at org.testng.SuiteRunner.privateRun(SuiteRunner.java:391)
at org.testng.SuiteRunner.run(SuiteRunner.java:330)
at org.testng.SuiteRunnerWorker.runSuite(SuiteRunnerWorker.java:52)
at org.testng.SuiteRunnerWorker.run(SuiteRunnerWorker.java:95)
at org.testng.TestNG.runSuitesSequentially(TestNG.java:1256)
at org.testng.TestNG.runSuitesLocally(TestNG.java:1176)
at org.testng.TestNG.runSuites(TestNG.java:1099)
at org.testng.TestNG.run(TestNG.java:1067)
at org.testng.remote.AbstractRemoteTestNG.run(AbstractRemoteTestNG.java:115)
at org.testng.remote.RemoteTestNG.initAndRun(RemoteTestNG.java:251)
at org.testng.remote.RemoteTestNG.main(RemoteTestNG.java:77)
]]>
    </failure>
  </testcase> <!-- testTabsFunctionality -->
  <testcase classname="tests.ConversationsTest" name="testFilterStatusFunctionality" time="0.483">
    <failure type="java.lang.AssertionError" message="Test failed due to exception: An element could not be located on the page using the given search parameters.
For documentation on this error, please visit: https://www.selenium.dev/documentation/webdriver/troubleshooting/errors#no-such-element-exception
Build info: version: &amp;apos;4.13.0&amp;apos;, revision: &amp;apos;ba948ece5b*&amp;apos;
System info: os.name: &amp;apos;Windows 11&amp;apos;, os.arch: &amp;apos;amd64&amp;apos;, os.version: &amp;apos;10.0&amp;apos;, java.version: &amp;apos;17.0.8&amp;apos;
Driver info: io.appium.java_client.android.AndroidDriver
Command: [f8a9ead8-9550-4008-907c-b337f98aaddc, findElement {using=id, value=com.gamechange.wasp:id/status_filter}]
Capabilities {appium:appActivity: com.bitnudge.ime.parent.vie..., appium:appPackage: com.gamechange.wasp, appium:automationName: UiAutomator2, appium:databaseEnabled: false, appium:desired: {appActivity: com.bitnudge.ime.parent.vie..., appPackage: com.gamechange.wasp, automationName: UiAutomator2, platformName: ANDROID, udid: 084113125P054404}, appium:deviceApiLevel: 30, appium:deviceManufacturer: INFINIX MOBILITY LIMITED, appium:deviceModel: Infinix X6816C, appium:deviceName: 084113125P054404, appium:deviceScreenDensity: 320, appium:deviceScreenSize: 720x1640, appium:deviceUDID: 084113125P054404, appium:javascriptEnabled: true, appium:locationContextEnabled: false, appium:networkConnectionEnabled: true, appium:pixelRatio: 2, appium:platformVersion: 11, appium:statBarHeight: 72, appium:takesScreenshot: true, appium:udid: 084113125P054404, appium:viewportRect: {height: 1400, left: 0, top: 72, width: 720}, appium:warnings: {}, appium:webStorageEnabled: false, platformName: ANDROID}
Session ID: f8a9ead8-9550-4008-907c-b337f98aaddc">
      <![CDATA[java.lang.AssertionError: Test failed due to exception: An element could not be located on the page using the given search parameters.
For documentation on this error, please visit: https://www.selenium.dev/documentation/webdriver/troubleshooting/errors#no-such-element-exception
Build info: version: '4.13.0', revision: 'ba948ece5b*'
System info: os.name: 'Windows 11', os.arch: 'amd64', os.version: '10.0', java.version: '17.0.8'
Driver info: io.appium.java_client.android.AndroidDriver
Command: [f8a9ead8-9550-4008-907c-b337f98aaddc, findElement {using=id, value=com.gamechange.wasp:id/status_filter}]
Capabilities {appium:appActivity: com.bitnudge.ime.parent.vie..., appium:appPackage: com.gamechange.wasp, appium:automationName: UiAutomator2, appium:databaseEnabled: false, appium:desired: {appActivity: com.bitnudge.ime.parent.vie..., appPackage: com.gamechange.wasp, automationName: UiAutomator2, platformName: ANDROID, udid: 084113125P054404}, appium:deviceApiLevel: 30, appium:deviceManufacturer: INFINIX MOBILITY LIMITED, appium:deviceModel: Infinix X6816C, appium:deviceName: 084113125P054404, appium:deviceScreenDensity: 320, appium:deviceScreenSize: 720x1640, appium:deviceUDID: 084113125P054404, appium:javascriptEnabled: true, appium:locationContextEnabled: false, appium:networkConnectionEnabled: true, appium:pixelRatio: 2, appium:platformVersion: 11, appium:statBarHeight: 72, appium:takesScreenshot: true, appium:udid: 084113125P054404, appium:viewportRect: {height: 1400, left: 0, top: 72, width: 720}, appium:warnings: {}, appium:webStorageEnabled: false, platformName: ANDROID}
Session ID: f8a9ead8-9550-4008-907c-b337f98aaddc
at org.testng.Assert.fail(Assert.java:110)
at tests.ConversationsTest.testFilterStatusFunctionality(ConversationsTest.java:171)
at java.base/jdk.internal.reflect.NativeMethodAccessorImpl.invoke0(Native Method)
at java.base/jdk.internal.reflect.NativeMethodAccessorImpl.invoke(NativeMethodAccessorImpl.java:77)
at java.base/jdk.internal.reflect.DelegatingMethodAccessorImpl.invoke(DelegatingMethodAccessorImpl.java:43)
at java.base/java.lang.reflect.Method.invoke(Method.java:568)
at org.testng.internal.invokers.MethodInvocationHelper.invokeMethod(MethodInvocationHelper.java:139)
at org.testng.internal.invokers.TestInvoker.invokeMethod(TestInvoker.java:677)
at org.testng.internal.invokers.TestInvoker.invokeTestMethod(TestInvoker.java:221)
at org.testng.internal.invokers.MethodRunner.runInSequence(MethodRunner.java:50)
at org.testng.internal.invokers.TestInvoker$MethodInvocationAgent.invoke(TestInvoker.java:969)
at org.testng.internal.invokers.TestInvoker.invokeTestMethods(TestInvoker.java:194)
at org.testng.internal.invokers.TestMethodWorker.invokeTestMethods(TestMethodWorker.java:148)
at org.testng.internal.invokers.TestMethodWorker.run(TestMethodWorker.java:128)
at java.base/java.util.ArrayList.forEach(ArrayList.java:1511)
at org.testng.TestRunner.privateRun(TestRunner.java:829)
at org.testng.TestRunner.run(TestRunner.java:602)
at org.testng.SuiteRunner.runTest(SuiteRunner.java:437)
at org.testng.SuiteRunner.runSequentially(SuiteRunner.java:431)
at org.testng.SuiteRunner.privateRun(SuiteRunner.java:391)
at org.testng.SuiteRunner.run(SuiteRunner.java:330)
at org.testng.SuiteRunnerWorker.runSuite(SuiteRunnerWorker.java:52)
at org.testng.SuiteRunnerWorker.run(SuiteRunnerWorker.java:95)
at org.testng.TestNG.runSuitesSequentially(TestNG.java:1256)
at org.testng.TestNG.runSuitesLocally(TestNG.java:1176)
at org.testng.TestNG.runSuites(TestNG.java:1099)
at org.testng.TestNG.run(TestNG.java:1067)
at org.testng.remote.AbstractRemoteTestNG.run(AbstractRemoteTestNG.java:115)
at org.testng.remote.RemoteTestNG.initAndRun(RemoteTestNG.java:251)
at org.testng.remote.RemoteTestNG.main(RemoteTestNG.java:77)
]]>
    </failure>
  </testcase> <!-- testFilterStatusFunctionality -->
  <testcase classname="tests.ConversationsTest" name="testConversationDetailsDisplay" time="1.253">
    <failure type="java.lang.AssertionError" message="Conversations should be displayed. expected [true] but found [false]">
      <![CDATA[java.lang.AssertionError: Conversations should be displayed. expected [true] but found [false]
at org.testng.Assert.fail(Assert.java:110)
at org.testng.Assert.failNotEquals(Assert.java:1413)
at org.testng.Assert.assertTrue(Assert.java:56)
at tests.ConversationsTest.testConversationDetailsDisplay(ConversationsTest.java:180)
at java.base/jdk.internal.reflect.NativeMethodAccessorImpl.invoke0(Native Method)
at java.base/jdk.internal.reflect.NativeMethodAccessorImpl.invoke(NativeMethodAccessorImpl.java:77)
at java.base/jdk.internal.reflect.DelegatingMethodAccessorImpl.invoke(DelegatingMethodAccessorImpl.java:43)
at java.base/java.lang.reflect.Method.invoke(Method.java:568)
at org.testng.internal.invokers.MethodInvocationHelper.invokeMethod(MethodInvocationHelper.java:139)
at org.testng.internal.invokers.TestInvoker.invokeMethod(TestInvoker.java:677)
at org.testng.internal.invokers.TestInvoker.invokeTestMethod(TestInvoker.java:221)
at org.testng.internal.invokers.MethodRunner.runInSequence(MethodRunner.java:50)
at org.testng.internal.invokers.TestInvoker$MethodInvocationAgent.invoke(TestInvoker.java:969)
at org.testng.internal.invokers.TestInvoker.invokeTestMethods(TestInvoker.java:194)
at org.testng.internal.invokers.TestMethodWorker.invokeTestMethods(TestMethodWorker.java:148)
at org.testng.internal.invokers.TestMethodWorker.run(TestMethodWorker.java:128)
at java.base/java.util.ArrayList.forEach(ArrayList.java:1511)
at org.testng.TestRunner.privateRun(TestRunner.java:829)
at org.testng.TestRunner.run(TestRunner.java:602)
at org.testng.SuiteRunner.runTest(SuiteRunner.java:437)
at org.testng.SuiteRunner.runSequentially(SuiteRunner.java:431)
at org.testng.SuiteRunner.privateRun(SuiteRunner.java:391)
at org.testng.SuiteRunner.run(SuiteRunner.java:330)
at org.testng.SuiteRunnerWorker.runSuite(SuiteRunnerWorker.java:52)
at org.testng.SuiteRunnerWorker.run(SuiteRunnerWorker.java:95)
at org.testng.TestNG.runSuitesSequentially(TestNG.java:1256)
at org.testng.TestNG.runSuitesLocally(TestNG.java:1176)
at org.testng.TestNG.runSuites(TestNG.java:1099)
at org.testng.TestNG.run(TestNG.java:1067)
at org.testng.remote.AbstractRemoteTestNG.run(AbstractRemoteTestNG.java:115)
at org.testng.remote.RemoteTestNG.initAndRun(RemoteTestNG.java:251)
at org.testng.remote.RemoteTestNG.main(RemoteTestNG.java:77)
]]>
    </failure>
  </testcase> <!-- testConversationDetailsDisplay -->
  <testcase classname="tests.ConversationsTest" name="testSearchFunctionality" time="1.442">
    <failure type="java.lang.AssertionError" message="Test failed due to exception: An element could not be located on the page using the given search parameters.
For documentation on this error, please visit: https://www.selenium.dev/documentation/webdriver/troubleshooting/errors#no-such-element-exception
Build info: version: &amp;apos;4.13.0&amp;apos;, revision: &amp;apos;ba948ece5b*&amp;apos;
System info: os.name: &amp;apos;Windows 11&amp;apos;, os.arch: &amp;apos;amd64&amp;apos;, os.version: &amp;apos;10.0&amp;apos;, java.version: &amp;apos;17.0.8&amp;apos;
Driver info: io.appium.java_client.android.AndroidDriver
Command: [3f32d002-4f22-4b00-bdf4-95ea18766b44, findElement {using=id, value=com.gamechange.wasp:id/search_icon}]
Capabilities {appium:appActivity: com.bitnudge.ime.parent.vie..., appium:appPackage: com.gamechange.wasp, appium:automationName: UiAutomator2, appium:databaseEnabled: false, appium:desired: {appActivity: com.bitnudge.ime.parent.vie..., appPackage: com.gamechange.wasp, automationName: UiAutomator2, platformName: ANDROID, udid: 084113125P054404}, appium:deviceApiLevel: 30, appium:deviceManufacturer: INFINIX MOBILITY LIMITED, appium:deviceModel: Infinix X6816C, appium:deviceName: 084113125P054404, appium:deviceScreenDensity: 320, appium:deviceScreenSize: 720x1640, appium:deviceUDID: 084113125P054404, appium:javascriptEnabled: true, appium:locationContextEnabled: false, appium:networkConnectionEnabled: true, appium:pixelRatio: 2, appium:platformVersion: 11, appium:statBarHeight: 72, appium:takesScreenshot: true, appium:udid: 084113125P054404, appium:viewportRect: {height: 1400, left: 0, top: 72, width: 720}, appium:warnings: {}, appium:webStorageEnabled: false, platformName: ANDROID}
Session ID: 3f32d002-4f22-4b00-bdf4-95ea18766b44">
      <![CDATA[java.lang.AssertionError: Test failed due to exception: An element could not be located on the page using the given search parameters.
For documentation on this error, please visit: https://www.selenium.dev/documentation/webdriver/troubleshooting/errors#no-such-element-exception
Build info: version: '4.13.0', revision: 'ba948ece5b*'
System info: os.name: 'Windows 11', os.arch: 'amd64', os.version: '10.0', java.version: '17.0.8'
Driver info: io.appium.java_client.android.AndroidDriver
Command: [3f32d002-4f22-4b00-bdf4-95ea18766b44, findElement {using=id, value=com.gamechange.wasp:id/search_icon}]
Capabilities {appium:appActivity: com.bitnudge.ime.parent.vie..., appium:appPackage: com.gamechange.wasp, appium:automationName: UiAutomator2, appium:databaseEnabled: false, appium:desired: {appActivity: com.bitnudge.ime.parent.vie..., appPackage: com.gamechange.wasp, automationName: UiAutomator2, platformName: ANDROID, udid: 084113125P054404}, appium:deviceApiLevel: 30, appium:deviceManufacturer: INFINIX MOBILITY LIMITED, appium:deviceModel: Infinix X6816C, appium:deviceName: 084113125P054404, appium:deviceScreenDensity: 320, appium:deviceScreenSize: 720x1640, appium:deviceUDID: 084113125P054404, appium:javascriptEnabled: true, appium:locationContextEnabled: false, appium:networkConnectionEnabled: true, appium:pixelRatio: 2, appium:platformVersion: 11, appium:statBarHeight: 72, appium:takesScreenshot: true, appium:udid: 084113125P054404, appium:viewportRect: {height: 1400, left: 0, top: 72, width: 720}, appium:warnings: {}, appium:webStorageEnabled: false, platformName: ANDROID}
Session ID: 3f32d002-4f22-4b00-bdf4-95ea18766b44
at org.testng.Assert.fail(Assert.java:110)
at tests.ConversationsTest.testSearchFunctionality(ConversationsTest.java:217)
at java.base/jdk.internal.reflect.NativeMethodAccessorImpl.invoke0(Native Method)
at java.base/jdk.internal.reflect.NativeMethodAccessorImpl.invoke(NativeMethodAccessorImpl.java:77)
at java.base/jdk.internal.reflect.DelegatingMethodAccessorImpl.invoke(DelegatingMethodAccessorImpl.java:43)
at java.base/java.lang.reflect.Method.invoke(Method.java:568)
at org.testng.internal.invokers.MethodInvocationHelper.invokeMethod(MethodInvocationHelper.java:139)
at org.testng.internal.invokers.TestInvoker.invokeMethod(TestInvoker.java:677)
at org.testng.internal.invokers.TestInvoker.invokeTestMethod(TestInvoker.java:221)
at org.testng.internal.invokers.MethodRunner.runInSequence(MethodRunner.java:50)
at org.testng.internal.invokers.TestInvoker$MethodInvocationAgent.invoke(TestInvoker.java:969)
at org.testng.internal.invokers.TestInvoker.invokeTestMethods(TestInvoker.java:194)
at org.testng.internal.invokers.TestMethodWorker.invokeTestMethods(TestMethodWorker.java:148)
at org.testng.internal.invokers.TestMethodWorker.run(TestMethodWorker.java:128)
at java.base/java.util.ArrayList.forEach(ArrayList.java:1511)
at org.testng.TestRunner.privateRun(TestRunner.java:829)
at org.testng.TestRunner.run(TestRunner.java:602)
at org.testng.SuiteRunner.runTest(SuiteRunner.java:437)
at org.testng.SuiteRunner.runSequentially(SuiteRunner.java:431)
at org.testng.SuiteRunner.privateRun(SuiteRunner.java:391)
at org.testng.SuiteRunner.run(SuiteRunner.java:330)
at org.testng.SuiteRunnerWorker.runSuite(SuiteRunnerWorker.java:52)
at org.testng.SuiteRunnerWorker.run(SuiteRunnerWorker.java:95)
at org.testng.TestNG.runSuitesSequentially(TestNG.java:1256)
at org.testng.TestNG.runSuitesLocally(TestNG.java:1176)
at org.testng.TestNG.runSuites(TestNG.java:1099)
at org.testng.TestNG.run(TestNG.java:1067)
at org.testng.remote.AbstractRemoteTestNG.run(AbstractRemoteTestNG.java:115)
at org.testng.remote.RemoteTestNG.initAndRun(RemoteTestNG.java:251)
at org.testng.remote.RemoteTestNG.main(RemoteTestNG.java:77)
]]>
    </failure>
  </testcase> <!-- testSearchFunctionality -->
  <testcase classname="tests.ConversationsTest" name="testOpenConversation" time="1.212">
    <failure type="java.lang.AssertionError" message="Test failed due to exception: Index 0 out of bounds for length 0">
      <![CDATA[java.lang.AssertionError: Test failed due to exception: Index 0 out of bounds for length 0
at org.testng.Assert.fail(Assert.java:110)
at tests.ConversationsTest.testOpenConversation(ConversationsTest.java:235)
at java.base/jdk.internal.reflect.NativeMethodAccessorImpl.invoke0(Native Method)
at java.base/jdk.internal.reflect.NativeMethodAccessorImpl.invoke(NativeMethodAccessorImpl.java:77)
at java.base/jdk.internal.reflect.DelegatingMethodAccessorImpl.invoke(DelegatingMethodAccessorImpl.java:43)
at java.base/java.lang.reflect.Method.invoke(Method.java:568)
at org.testng.internal.invokers.MethodInvocationHelper.invokeMethod(MethodInvocationHelper.java:139)
at org.testng.internal.invokers.TestInvoker.invokeMethod(TestInvoker.java:677)
at org.testng.internal.invokers.TestInvoker.invokeTestMethod(TestInvoker.java:221)
at org.testng.internal.invokers.MethodRunner.runInSequence(MethodRunner.java:50)
at org.testng.internal.invokers.TestInvoker$MethodInvocationAgent.invoke(TestInvoker.java:969)
at org.testng.internal.invokers.TestInvoker.invokeTestMethods(TestInvoker.java:194)
at org.testng.internal.invokers.TestMethodWorker.invokeTestMethods(TestMethodWorker.java:148)
at org.testng.internal.invokers.TestMethodWorker.run(TestMethodWorker.java:128)
at java.base/java.util.ArrayList.forEach(ArrayList.java:1511)
at org.testng.TestRunner.privateRun(TestRunner.java:829)
at org.testng.TestRunner.run(TestRunner.java:602)
at org.testng.SuiteRunner.runTest(SuiteRunner.java:437)
at org.testng.SuiteRunner.runSequentially(SuiteRunner.java:431)
at org.testng.SuiteRunner.privateRun(SuiteRunner.java:391)
at org.testng.SuiteRunner.run(SuiteRunner.java:330)
at org.testng.SuiteRunnerWorker.runSuite(SuiteRunnerWorker.java:52)
at org.testng.SuiteRunnerWorker.run(SuiteRunnerWorker.java:95)
at org.testng.TestNG.runSuitesSequentially(TestNG.java:1256)
at org.testng.TestNG.runSuitesLocally(TestNG.java:1176)
at org.testng.TestNG.runSuites(TestNG.java:1099)
at org.testng.TestNG.run(TestNG.java:1067)
at org.testng.remote.AbstractRemoteTestNG.run(AbstractRemoteTestNG.java:115)
at org.testng.remote.RemoteTestNG.initAndRun(RemoteTestNG.java:251)
at org.testng.remote.RemoteTestNG.main(RemoteTestNG.java:77)
]]>
    </failure>
  </testcase> <!-- testOpenConversation -->
  <testcase classname="tests.ConversationsTest" name="testUnreadConversationCounter" time="1.619">
    <failure type="java.lang.AssertionError" message="Test failed due to exception: An element could not be located on the page using the given search parameters.
For documentation on this error, please visit: https://www.selenium.dev/documentation/webdriver/troubleshooting/errors#no-such-element-exception
Build info: version: &amp;apos;4.13.0&amp;apos;, revision: &amp;apos;ba948ece5b*&amp;apos;
System info: os.name: &amp;apos;Windows 11&amp;apos;, os.arch: &amp;apos;amd64&amp;apos;, os.version: &amp;apos;10.0&amp;apos;, java.version: &amp;apos;17.0.8&amp;apos;
Driver info: io.appium.java_client.android.AndroidDriver
Command: [e00b9987-46e0-4f85-a4fb-3ac30d5d93f3, findElement {using=id, value=com.gamechange.wasp:id/unread_counter}]
Capabilities {appium:appActivity: com.bitnudge.ime.parent.vie..., appium:appPackage: com.gamechange.wasp, appium:automationName: UiAutomator2, appium:databaseEnabled: false, appium:desired: {appActivity: com.bitnudge.ime.parent.vie..., appPackage: com.gamechange.wasp, automationName: UiAutomator2, platformName: ANDROID, udid: 084113125P054404}, appium:deviceApiLevel: 30, appium:deviceManufacturer: INFINIX MOBILITY LIMITED, appium:deviceModel: Infinix X6816C, appium:deviceName: 084113125P054404, appium:deviceScreenDensity: 320, appium:deviceScreenSize: 720x1640, appium:deviceUDID: 084113125P054404, appium:javascriptEnabled: true, appium:locationContextEnabled: false, appium:networkConnectionEnabled: true, appium:pixelRatio: 2, appium:platformVersion: 11, appium:statBarHeight: 72, appium:takesScreenshot: true, appium:udid: 084113125P054404, appium:viewportRect: {height: 1400, left: 0, top: 72, width: 720}, appium:warnings: {}, appium:webStorageEnabled: false, platformName: ANDROID}
Session ID: e00b9987-46e0-4f85-a4fb-3ac30d5d93f3">
      <![CDATA[java.lang.AssertionError: Test failed due to exception: An element could not be located on the page using the given search parameters.
For documentation on this error, please visit: https://www.selenium.dev/documentation/webdriver/troubleshooting/errors#no-such-element-exception
Build info: version: '4.13.0', revision: 'ba948ece5b*'
System info: os.name: 'Windows 11', os.arch: 'amd64', os.version: '10.0', java.version: '17.0.8'
Driver info: io.appium.java_client.android.AndroidDriver
Command: [e00b9987-46e0-4f85-a4fb-3ac30d5d93f3, findElement {using=id, value=com.gamechange.wasp:id/unread_counter}]
Capabilities {appium:appActivity: com.bitnudge.ime.parent.vie..., appium:appPackage: com.gamechange.wasp, appium:automationName: UiAutomator2, appium:databaseEnabled: false, appium:desired: {appActivity: com.bitnudge.ime.parent.vie..., appPackage: com.gamechange.wasp, automationName: UiAutomator2, platformName: ANDROID, udid: 084113125P054404}, appium:deviceApiLevel: 30, appium:deviceManufacturer: INFINIX MOBILITY LIMITED, appium:deviceModel: Infinix X6816C, appium:deviceName: 084113125P054404, appium:deviceScreenDensity: 320, appium:deviceScreenSize: 720x1640, appium:deviceUDID: 084113125P054404, appium:javascriptEnabled: true, appium:locationContextEnabled: false, appium:networkConnectionEnabled: true, appium:pixelRatio: 2, appium:platformVersion: 11, appium:statBarHeight: 72, appium:takesScreenshot: true, appium:udid: 084113125P054404, appium:viewportRect: {height: 1400, left: 0, top: 72, width: 720}, appium:warnings: {}, appium:webStorageEnabled: false, platformName: ANDROID}
Session ID: e00b9987-46e0-4f85-a4fb-3ac30d5d93f3
at org.testng.Assert.fail(Assert.java:110)
at tests.ConversationsTest.testUnreadConversationCounter(ConversationsTest.java:250)
at java.base/jdk.internal.reflect.NativeMethodAccessorImpl.invoke0(Native Method)
at java.base/jdk.internal.reflect.NativeMethodAccessorImpl.invoke(NativeMethodAccessorImpl.java:77)
at java.base/jdk.internal.reflect.DelegatingMethodAccessorImpl.invoke(DelegatingMethodAccessorImpl.java:43)
at java.base/java.lang.reflect.Method.invoke(Method.java:568)
at org.testng.internal.invokers.MethodInvocationHelper.invokeMethod(MethodInvocationHelper.java:139)
at org.testng.internal.invokers.TestInvoker.invokeMethod(TestInvoker.java:677)
at org.testng.internal.invokers.TestInvoker.invokeTestMethod(TestInvoker.java:221)
at org.testng.internal.invokers.MethodRunner.runInSequence(MethodRunner.java:50)
at org.testng.internal.invokers.TestInvoker$MethodInvocationAgent.invoke(TestInvoker.java:969)
at org.testng.internal.invokers.TestInvoker.invokeTestMethods(TestInvoker.java:194)
at org.testng.internal.invokers.TestMethodWorker.invokeTestMethods(TestMethodWorker.java:148)
at org.testng.internal.invokers.TestMethodWorker.run(TestMethodWorker.java:128)
at java.base/java.util.ArrayList.forEach(ArrayList.java:1511)
at org.testng.TestRunner.privateRun(TestRunner.java:829)
at org.testng.TestRunner.run(TestRunner.java:602)
at org.testng.SuiteRunner.runTest(SuiteRunner.java:437)
at org.testng.SuiteRunner.runSequentially(SuiteRunner.java:431)
at org.testng.SuiteRunner.privateRun(SuiteRunner.java:391)
at org.testng.SuiteRunner.run(SuiteRunner.java:330)
at org.testng.SuiteRunnerWorker.runSuite(SuiteRunnerWorker.java:52)
at org.testng.SuiteRunnerWorker.run(SuiteRunnerWorker.java:95)
at org.testng.TestNG.runSuitesSequentially(TestNG.java:1256)
at org.testng.TestNG.runSuitesLocally(TestNG.java:1176)
at org.testng.TestNG.runSuites(TestNG.java:1099)
at org.testng.TestNG.run(TestNG.java:1067)
at org.testng.remote.AbstractRemoteTestNG.run(AbstractRemoteTestNG.java:115)
at org.testng.remote.RemoteTestNG.initAndRun(RemoteTestNG.java:251)
at org.testng.remote.RemoteTestNG.main(RemoteTestNG.java:77)
]]>
    </failure>
  </testcase> <!-- testUnreadConversationCounter -->
  <testcase classname="tests.ConversationsTest" name="testTimestampValidation" time="1.173"/>
  <testcase classname="tests.ConversationsTest" name="testEmptyStateDisplay" time="1.187">
    <failure type="java.lang.AssertionError" message="Test failed due to exception: An element could not be located on the page using the given search parameters.
For documentation on this error, please visit: https://www.selenium.dev/documentation/webdriver/troubleshooting/errors#no-such-element-exception
Build info: version: &amp;apos;4.13.0&amp;apos;, revision: &amp;apos;ba948ece5b*&amp;apos;
System info: os.name: &amp;apos;Windows 11&amp;apos;, os.arch: &amp;apos;amd64&amp;apos;, os.version: &amp;apos;10.0&amp;apos;, java.version: &amp;apos;17.0.8&amp;apos;
Driver info: io.appium.java_client.android.AndroidDriver
Command: [745f49c0-acef-49a4-922d-227d59393e8a, findElement {using=id, value=com.gamechange.wasp:id/empty_state_message}]
Capabilities {appium:appActivity: com.bitnudge.ime.parent.vie..., appium:appPackage: com.gamechange.wasp, appium:automationName: UiAutomator2, appium:databaseEnabled: false, appium:desired: {appActivity: com.bitnudge.ime.parent.vie..., appPackage: com.gamechange.wasp, automationName: UiAutomator2, platformName: ANDROID, udid: 084113125P054404}, appium:deviceApiLevel: 30, appium:deviceManufacturer: INFINIX MOBILITY LIMITED, appium:deviceModel: Infinix X6816C, appium:deviceName: 084113125P054404, appium:deviceScreenDensity: 320, appium:deviceScreenSize: 720x1640, appium:deviceUDID: 084113125P054404, appium:javascriptEnabled: true, appium:locationContextEnabled: false, appium:networkConnectionEnabled: true, appium:pixelRatio: 2, appium:platformVersion: 11, appium:statBarHeight: 72, appium:takesScreenshot: true, appium:udid: 084113125P054404, appium:viewportRect: {height: 1400, left: 0, top: 72, width: 720}, appium:warnings: {}, appium:webStorageEnabled: false, platformName: ANDROID}
Session ID: 745f49c0-acef-49a4-922d-227d59393e8a">
      <![CDATA[java.lang.AssertionError: Test failed due to exception: An element could not be located on the page using the given search parameters.
For documentation on this error, please visit: https://www.selenium.dev/documentation/webdriver/troubleshooting/errors#no-such-element-exception
Build info: version: '4.13.0', revision: 'ba948ece5b*'
System info: os.name: 'Windows 11', os.arch: 'amd64', os.version: '10.0', java.version: '17.0.8'
Driver info: io.appium.java_client.android.AndroidDriver
Command: [745f49c0-acef-49a4-922d-227d59393e8a, findElement {using=id, value=com.gamechange.wasp:id/empty_state_message}]
Capabilities {appium:appActivity: com.bitnudge.ime.parent.vie..., appium:appPackage: com.gamechange.wasp, appium:automationName: UiAutomator2, appium:databaseEnabled: false, appium:desired: {appActivity: com.bitnudge.ime.parent.vie..., appPackage: com.gamechange.wasp, automationName: UiAutomator2, platformName: ANDROID, udid: 084113125P054404}, appium:deviceApiLevel: 30, appium:deviceManufacturer: INFINIX MOBILITY LIMITED, appium:deviceModel: Infinix X6816C, appium:deviceName: 084113125P054404, appium:deviceScreenDensity: 320, appium:deviceScreenSize: 720x1640, appium:deviceUDID: 084113125P054404, appium:javascriptEnabled: true, appium:locationContextEnabled: false, appium:networkConnectionEnabled: true, appium:pixelRatio: 2, appium:platformVersion: 11, appium:statBarHeight: 72, appium:takesScreenshot: true, appium:udid: 084113125P054404, appium:viewportRect: {height: 1400, left: 0, top: 72, width: 720}, appium:warnings: {}, appium:webStorageEnabled: false, platformName: ANDROID}
Session ID: 745f49c0-acef-49a4-922d-227d59393e8a
at org.testng.Assert.fail(Assert.java:110)
at tests.ConversationsTest.testEmptyStateDisplay(ConversationsTest.java:284)
at java.base/jdk.internal.reflect.NativeMethodAccessorImpl.invoke0(Native Method)
at java.base/jdk.internal.reflect.NativeMethodAccessorImpl.invoke(NativeMethodAccessorImpl.java:77)
at java.base/jdk.internal.reflect.DelegatingMethodAccessorImpl.invoke(DelegatingMethodAccessorImpl.java:43)
at java.base/java.lang.reflect.Method.invoke(Method.java:568)
at org.testng.internal.invokers.MethodInvocationHelper.invokeMethod(MethodInvocationHelper.java:139)
at org.testng.internal.invokers.TestInvoker.invokeMethod(TestInvoker.java:677)
at org.testng.internal.invokers.TestInvoker.invokeTestMethod(TestInvoker.java:221)
at org.testng.internal.invokers.MethodRunner.runInSequence(MethodRunner.java:50)
at org.testng.internal.invokers.TestInvoker$MethodInvocationAgent.invoke(TestInvoker.java:969)
at org.testng.internal.invokers.TestInvoker.invokeTestMethods(TestInvoker.java:194)
at org.testng.internal.invokers.TestMethodWorker.invokeTestMethods(TestMethodWorker.java:148)
at org.testng.internal.invokers.TestMethodWorker.run(TestMethodWorker.java:128)
at java.base/java.util.ArrayList.forEach(ArrayList.java:1511)
at org.testng.TestRunner.privateRun(TestRunner.java:829)
at org.testng.TestRunner.run(TestRunner.java:602)
at org.testng.SuiteRunner.runTest(SuiteRunner.java:437)
at org.testng.SuiteRunner.runSequentially(SuiteRunner.java:431)
at org.testng.SuiteRunner.privateRun(SuiteRunner.java:391)
at org.testng.SuiteRunner.run(SuiteRunner.java:330)
at org.testng.SuiteRunnerWorker.runSuite(SuiteRunnerWorker.java:52)
at org.testng.SuiteRunnerWorker.run(SuiteRunnerWorker.java:95)
at org.testng.TestNG.runSuitesSequentially(TestNG.java:1256)
at org.testng.TestNG.runSuitesLocally(TestNG.java:1176)
at org.testng.TestNG.runSuites(TestNG.java:1099)
at org.testng.TestNG.run(TestNG.java:1067)
at org.testng.remote.AbstractRemoteTestNG.run(AbstractRemoteTestNG.java:115)
at org.testng.remote.RemoteTestNG.initAndRun(RemoteTestNG.java:251)
at org.testng.remote.RemoteTestNG.main(RemoteTestNG.java:77)
]]>
    </failure>
  </testcase> <!-- testEmptyStateDisplay -->
</testsuite> <!-- Default test -->
